{"/Users/taro/development/studies/convex-tutorial/convex/chat.ts": {"path":"/Users/taro/development/studies/convex-tutorial/convex/chat.ts","all":false,"statementMap":{"0":{"start":{"line":1,"column":0},"end":{"line":1,"column":70}},"4":{"start":{"line":5,"column":0},"end":{"line":5,"column":37}},"5":{"start":{"line":6,"column":0},"end":{"line":6,"column":9}},"6":{"start":{"line":7,"column":0},"end":{"line":7,"column":21}},"7":{"start":{"line":8,"column":0},"end":{"line":8,"column":21}},"8":{"start":{"line":9,"column":0},"end":{"line":9,"column":4}},"9":{"start":{"line":10,"column":0},"end":{"line":10,"column":33}},"10":{"start":{"line":11,"column":0},"end":{"line":11,"column":70}},"11":{"start":{"line":12,"column":0},"end":{"line":12,"column":37}},"12":{"start":{"line":13,"column":0},"end":{"line":13,"column":22}},"13":{"start":{"line":14,"column":0},"end":{"line":14,"column":22}},"14":{"start":{"line":15,"column":0},"end":{"line":15,"column":7}},"15":{"start":{"line":16,"column":0},"end":{"line":16,"column":40}},"17":{"start":{"line":18,"column":0},"end":{"line":18,"column":64}},"18":{"start":{"line":19,"column":0},"end":{"line":19,"column":74}},"19":{"start":{"line":20,"column":0},"end":{"line":20,"column":14}},"20":{"start":{"line":21,"column":0},"end":{"line":21,"column":9}},"21":{"start":{"line":22,"column":0},"end":{"line":22,"column":5}},"22":{"start":{"line":23,"column":0},"end":{"line":23,"column":4}},"23":{"start":{"line":24,"column":0},"end":{"line":24,"column":3}},"25":{"start":{"line":26,"column":0},"end":{"line":26,"column":34}},"26":{"start":{"line":27,"column":0},"end":{"line":27,"column":11}},"27":{"start":{"line":28,"column":0},"end":{"line":28,"column":27}},"29":{"start":{"line":30,"column":0},"end":{"line":30,"column":75}},"31":{"start":{"line":32,"column":0},"end":{"line":32,"column":30}},"32":{"start":{"line":33,"column":0},"end":{"line":33,"column":4}},"33":{"start":{"line":34,"column":0},"end":{"line":34,"column":3}},"35":{"start":{"line":36,"column":0},"end":{"line":36,"column":51}},"36":{"start":{"line":37,"column":0},"end":{"line":37,"column":30}},"37":{"start":{"line":38,"column":0},"end":{"line":38,"column":33}},"38":{"start":{"line":39,"column":0},"end":{"line":39,"column":33}},"39":{"start":{"line":40,"column":0},"end":{"line":40,"column":123}},"40":{"start":{"line":41,"column":0},"end":{"line":41,"column":19}},"41":{"start":{"line":42,"column":0},"end":{"line":42,"column":6}},"43":{"start":{"line":44,"column":0},"end":{"line":44,"column":62}},"44":{"start":{"line":45,"column":0},"end":{"line":45,"column":59}},"45":{"start":{"line":46,"column":0},"end":{"line":46,"column":24}},"46":{"start":{"line":47,"column":0},"end":{"line":47,"column":20}},"47":{"start":{"line":48,"column":0},"end":{"line":48,"column":11}},"48":{"start":{"line":49,"column":0},"end":{"line":49,"column":3}},"50":{"start":{"line":51,"column":0},"end":{"line":51,"column":47}},"51":{"start":{"line":52,"column":0},"end":{"line":52,"column":55}},"52":{"start":{"line":53,"column":0},"end":{"line":53,"column":47}},"53":{"start":{"line":54,"column":0},"end":{"line":54,"column":1}},"56":{"start":{"line":57,"column":0},"end":{"line":57,"column":66}},"57":{"start":{"line":58,"column":0},"end":{"line":58,"column":37}},"58":{"start":{"line":59,"column":0},"end":{"line":59,"column":16}},"59":{"start":{"line":60,"column":0},"end":{"line":60,"column":3}},"60":{"start":{"line":61,"column":0},"end":{"line":61,"column":42}},"61":{"start":{"line":62,"column":0},"end":{"line":62,"column":26}},"62":{"start":{"line":63,"column":0},"end":{"line":63,"column":14}},"63":{"start":{"line":64,"column":0},"end":{"line":64,"column":3}},"64":{"start":{"line":65,"column":0},"end":{"line":65,"column":39}},"65":{"start":{"line":66,"column":0},"end":{"line":66,"column":1}},"68":{"start":{"line":69,"column":0},"end":{"line":69,"column":58}},"69":{"start":{"line":70,"column":0},"end":{"line":70,"column":55}},"70":{"start":{"line":71,"column":0},"end":{"line":71,"column":38}},"71":{"start":{"line":72,"column":0},"end":{"line":72,"column":19}},"72":{"start":{"line":73,"column":0},"end":{"line":73,"column":20}},"73":{"start":{"line":74,"column":0},"end":{"line":74,"column":21}},"74":{"start":{"line":75,"column":0},"end":{"line":75,"column":20}},"75":{"start":{"line":76,"column":0},"end":{"line":76,"column":24}},"76":{"start":{"line":77,"column":0},"end":{"line":77,"column":19}},"77":{"start":{"line":78,"column":0},"end":{"line":78,"column":17}},"78":{"start":{"line":79,"column":0},"end":{"line":79,"column":5}},"79":{"start":{"line":80,"column":0},"end":{"line":80,"column":43}},"80":{"start":{"line":81,"column":0},"end":{"line":81,"column":1}}},"s":{"0":1,"4":1,"5":1,"6":1,"7":1,"8":1,"9":1,"10":0,"11":0,"12":0,"13":0,"14":0,"15":0,"17":0,"18":0,"19":0,"20":0,"21":0,"22":0,"23":1,"25":1,"26":1,"27":1,"29":0,"31":0,"32":0,"33":1,"35":1,"36":1,"37":1,"38":0,"39":0,"40":0,"41":0,"43":0,"44":0,"45":0,"46":0,"47":0,"48":1,"50":1,"51":8,"52":8,"53":8,"56":1,"57":4,"58":1,"59":1,"60":3,"61":4,"62":1,"63":1,"64":2,"65":2,"68":1,"69":3,"70":3,"71":3,"72":3,"73":3,"74":3,"75":3,"76":3,"77":3,"78":3,"79":3,"80":3},"branchMap":{"0":{"type":"branch","line":51,"loc":{"start":{"line":51,"column":7},"end":{"line":54,"column":1}},"locations":[{"start":{"line":51,"column":7},"end":{"line":54,"column":1}}]},"1":{"type":"branch","line":57,"loc":{"start":{"line":57,"column":7},"end":{"line":66,"column":1}},"locations":[{"start":{"line":57,"column":7},"end":{"line":66,"column":1}}]},"2":{"type":"branch","line":58,"loc":{"start":{"line":58,"column":36},"end":{"line":60,"column":3}},"locations":[{"start":{"line":58,"column":36},"end":{"line":60,"column":3}}]},"3":{"type":"branch","line":60,"loc":{"start":{"line":60,"column":2},"end":{"line":62,"column":25}},"locations":[{"start":{"line":60,"column":2},"end":{"line":62,"column":25}}]},"4":{"type":"branch","line":62,"loc":{"start":{"line":62,"column":25},"end":{"line":64,"column":3}},"locations":[{"start":{"line":62,"column":25},"end":{"line":64,"column":3}}]},"5":{"type":"branch","line":64,"loc":{"start":{"line":64,"column":2},"end":{"line":66,"column":1}},"locations":[{"start":{"line":64,"column":2},"end":{"line":66,"column":1}}]},"6":{"type":"branch","line":69,"loc":{"start":{"line":69,"column":7},"end":{"line":81,"column":1}},"locations":[{"start":{"line":69,"column":7},"end":{"line":81,"column":1}}]}},"b":{"0":[8],"1":[4],"2":[1],"3":[3],"4":[1],"5":[2],"6":[3]},"fnMap":{"0":{"name":"handler","decl":{"start":{"line":10,"column":11},"end":{"line":23,"column":4}},"loc":{"start":{"line":10,"column":11},"end":{"line":23,"column":4}},"line":10},"1":{"name":"handler","decl":{"start":{"line":28,"column":11},"end":{"line":33,"column":4}},"loc":{"start":{"line":28,"column":11},"end":{"line":33,"column":4}},"line":28},"2":{"name":"handler","decl":{"start":{"line":38,"column":11},"end":{"line":48,"column":11}},"loc":{"start":{"line":38,"column":11},"end":{"line":48,"column":11}},"line":38},"3":{"name":"getSummaryFromJSON","decl":{"start":{"line":51,"column":7},"end":{"line":54,"column":1}},"loc":{"start":{"line":51,"column":7},"end":{"line":54,"column":1}},"line":51},"4":{"name":"extractWikiTopic","decl":{"start":{"line":57,"column":7},"end":{"line":66,"column":1}},"loc":{"start":{"line":57,"column":7},"end":{"line":66,"column":1}},"line":57},"5":{"name":"buildWikipediaUrl","decl":{"start":{"line":69,"column":7},"end":{"line":81,"column":1}},"loc":{"start":{"line":69,"column":7},"end":{"line":81,"column":1}},"line":69}},"f":{"0":0,"1":0,"2":0,"3":8,"4":4,"5":3}}
,"/Users/taro/development/studies/convex-tutorial/src/App.tsx": {"path":"/Users/taro/development/studies/convex-tutorial/src/App.tsx","all":false,"statementMap":{"0":{"start":{"line":1,"column":0},"end":{"line":1,"column":44}},"6":{"start":{"line":7,"column":0},"end":{"line":7,"column":32}},"8":{"start":{"line":9,"column":0},"end":{"line":9,"column":31}},"13":{"start":{"line":14,"column":0},"end":{"line":14,"column":50}},"15":{"start":{"line":16,"column":0},"end":{"line":16,"column":56}},"17":{"start":{"line":18,"column":0},"end":{"line":18,"column":59}},"20":{"start":{"line":21,"column":0},"end":{"line":21,"column":19}},"22":{"start":{"line":23,"column":0},"end":{"line":23,"column":22}},"23":{"start":{"line":24,"column":0},"end":{"line":24,"column":79}},"24":{"start":{"line":25,"column":0},"end":{"line":25,"column":10}},"25":{"start":{"line":26,"column":0},"end":{"line":26,"column":17}},"27":{"start":{"line":28,"column":0},"end":{"line":28,"column":10}},"28":{"start":{"line":29,"column":0},"end":{"line":29,"column":27}},"29":{"start":{"line":30,"column":0},"end":{"line":30,"column":14}},"30":{"start":{"line":31,"column":0},"end":{"line":31,"column":29}},"31":{"start":{"line":32,"column":0},"end":{"line":32,"column":11}},"32":{"start":{"line":33,"column":0},"end":{"line":33,"column":46}},"33":{"start":{"line":34,"column":0},"end":{"line":34,"column":12}},"34":{"start":{"line":35,"column":0},"end":{"line":35,"column":15}},"35":{"start":{"line":36,"column":0},"end":{"line":36,"column":35}},"36":{"start":{"line":37,"column":0},"end":{"line":37,"column":16}},"37":{"start":{"line":38,"column":0},"end":{"line":38,"column":27}},"38":{"start":{"line":39,"column":0},"end":{"line":39,"column":65}},"40":{"start":{"line":41,"column":0},"end":{"line":41,"column":35}},"42":{"start":{"line":43,"column":0},"end":{"line":43,"column":31}},"43":{"start":{"line":44,"column":0},"end":{"line":44,"column":18}},"44":{"start":{"line":45,"column":0},"end":{"line":45,"column":9}},"45":{"start":{"line":46,"column":0},"end":{"line":46,"column":11}},"46":{"start":{"line":47,"column":0},"end":{"line":47,"column":32}},"47":{"start":{"line":48,"column":0},"end":{"line":48,"column":29}},"48":{"start":{"line":49,"column":0},"end":{"line":49,"column":66}},"49":{"start":{"line":50,"column":0},"end":{"line":50,"column":32}},"50":{"start":{"line":51,"column":0},"end":{"line":51,"column":10}},"52":{"start":{"line":53,"column":0},"end":{"line":53,"column":14}},"53":{"start":{"line":54,"column":0},"end":{"line":54,"column":32}},"54":{"start":{"line":55,"column":0},"end":{"line":55,"column":34}},"55":{"start":{"line":56,"column":0},"end":{"line":56,"column":40}},"56":{"start":{"line":57,"column":0},"end":{"line":57,"column":36}},"57":{"start":{"line":58,"column":0},"end":{"line":58,"column":12}},"58":{"start":{"line":59,"column":0},"end":{"line":59,"column":40}},"59":{"start":{"line":60,"column":0},"end":{"line":60,"column":10}},"60":{"start":{"line":61,"column":0},"end":{"line":61,"column":57}},"62":{"start":{"line":63,"column":0},"end":{"line":63,"column":17}},"63":{"start":{"line":64,"column":0},"end":{"line":64,"column":13}},"64":{"start":{"line":65,"column":0},"end":{"line":65,"column":11}},"66":{"start":{"line":67,"column":0},"end":{"line":67,"column":1}},"68":{"start":{"line":69,"column":0},"end":{"line":69,"column":36}},"69":{"start":{"line":70,"column":0},"end":{"line":70,"column":35}},"70":{"start":{"line":71,"column":0},"end":{"line":71,"column":48}},"71":{"start":{"line":72,"column":0},"end":{"line":72,"column":14}},"72":{"start":{"line":73,"column":0},"end":{"line":73,"column":45}},"73":{"start":{"line":74,"column":0},"end":{"line":74,"column":46}},"74":{"start":{"line":75,"column":0},"end":{"line":75,"column":19}},"75":{"start":{"line":76,"column":0},"end":{"line":76,"column":3}},"76":{"start":{"line":77,"column":0},"end":{"line":77,"column":14}},"77":{"start":{"line":78,"column":0},"end":{"line":78,"column":1}}},"s":{"0":1,"6":1,"8":14,"13":14,"15":14,"17":14,"20":14,"22":9,"23":9,"24":9,"25":14,"27":14,"28":14,"29":14,"30":14,"31":14,"32":14,"33":14,"34":14,"35":14,"36":6,"37":6,"38":6,"40":6,"42":6,"43":6,"44":14,"45":14,"46":14,"47":2,"48":2,"49":2,"50":2,"52":14,"53":14,"54":14,"55":3,"56":3,"57":3,"58":14,"59":14,"60":14,"62":14,"63":14,"64":14,"66":14,"68":1,"69":6,"70":6,"71":6,"72":4,"73":4,"74":4,"75":4,"76":1,"77":1},"branchMap":{"0":{"type":"branch","line":9,"loc":{"start":{"line":9,"column":0},"end":{"line":67,"column":1}},"locations":[{"start":{"line":9,"column":0},"end":{"line":67,"column":1}}]},"1":{"type":"branch","line":21,"loc":{"start":{"line":21,"column":12},"end":{"line":26,"column":5}},"locations":[{"start":{"line":21,"column":12},"end":{"line":26,"column":5}}]},"2":{"type":"branch","line":23,"loc":{"start":{"line":23,"column":15},"end":{"line":25,"column":7}},"locations":[{"start":{"line":23,"column":15},"end":{"line":25,"column":7}}]},"3":{"type":"branch","line":36,"loc":{"start":{"line":36,"column":21},"end":{"line":44,"column":18}},"locations":[{"start":{"line":36,"column":21},"end":{"line":44,"column":18}}]},"4":{"type":"branch","line":39,"loc":{"start":{"line":39,"column":38},"end":{"line":39,"column":62}},"locations":[{"start":{"line":39,"column":38},"end":{"line":39,"column":62}}]},"5":{"type":"branch","line":39,"loc":{"start":{"line":39,"column":45},"end":{"line":39,"column":65}},"locations":[{"start":{"line":39,"column":45},"end":{"line":39,"column":65}}]},"6":{"type":"branch","line":47,"loc":{"start":{"line":47,"column":18},"end":{"line":51,"column":10}},"locations":[{"start":{"line":47,"column":18},"end":{"line":51,"column":10}}]},"7":{"type":"branch","line":55,"loc":{"start":{"line":55,"column":20},"end":{"line":58,"column":12}},"locations":[{"start":{"line":55,"column":20},"end":{"line":58,"column":12}}]},"8":{"type":"branch","line":69,"loc":{"start":{"line":69,"column":7},"end":{"line":78,"column":1}},"locations":[{"start":{"line":69,"column":7},"end":{"line":78,"column":1}}]},"9":{"type":"branch","line":72,"loc":{"start":{"line":72,"column":13},"end":{"line":76,"column":3}},"locations":[{"start":{"line":72,"column":13},"end":{"line":76,"column":3}}]},"10":{"type":"branch","line":76,"loc":{"start":{"line":76,"column":2},"end":{"line":78,"column":1}},"locations":[{"start":{"line":76,"column":2},"end":{"line":78,"column":1}}]}},"b":{"0":[14],"1":[9],"2":[9],"3":[6],"4":[2],"5":[4],"6":[2],"7":[3],"8":[6],"9":[4],"10":[1]},"fnMap":{"0":{"name":"App","decl":{"start":{"line":9,"column":0},"end":{"line":67,"column":1}},"loc":{"start":{"line":9,"column":0},"end":{"line":67,"column":1}},"line":9},"1":{"name":"onSubmit","decl":{"start":{"line":47,"column":18},"end":{"line":51,"column":10}},"loc":{"start":{"line":47,"column":18},"end":{"line":51,"column":10}},"line":47},"2":{"name":"onChange","decl":{"start":{"line":55,"column":20},"end":{"line":58,"column":12}},"loc":{"start":{"line":55,"column":20},"end":{"line":58,"column":12}},"line":55},"3":{"name":"getOrSetFakeName","decl":{"start":{"line":69,"column":7},"end":{"line":78,"column":1}},"loc":{"start":{"line":69,"column":7},"end":{"line":78,"column":1}},"line":69}},"f":{"0":14,"1":2,"2":3,"3":6}}
,"/Users/taro/development/studies/convex-tutorial/src/main.tsx": {"path":"/Users/taro/development/studies/convex-tutorial/src/main.tsx","all":false,"statementMap":{"0":{"start":{"line":1,"column":0},"end":{"line":1,"column":35}},"1":{"start":{"line":2,"column":0},"end":{"line":2,"column":40}},"2":{"start":{"line":3,"column":0},"end":{"line":3,"column":21}},"3":{"start":{"line":4,"column":0},"end":{"line":4,"column":24}},"4":{"start":{"line":5,"column":0},"end":{"line":5,"column":65}},"6":{"start":{"line":7,"column":0},"end":{"line":7,"column":70}},"8":{"start":{"line":9,"column":0},"end":{"line":9,"column":75}},"9":{"start":{"line":10,"column":0},"end":{"line":10,"column":14}},"10":{"start":{"line":11,"column":0},"end":{"line":11,"column":36}},"11":{"start":{"line":12,"column":0},"end":{"line":12,"column":13}},"12":{"start":{"line":13,"column":0},"end":{"line":13,"column":21}},"13":{"start":{"line":14,"column":0},"end":{"line":14,"column":16}},"14":{"start":{"line":15,"column":0},"end":{"line":15,"column":2}}},"s":{"0":1,"1":1,"2":1,"3":1,"4":1,"6":1,"8":1,"9":1,"10":1,"11":1,"12":1,"13":1,"14":1},"branchMap":{},"b":{},"fnMap":{},"f":{}}
}
